#
# There is insufficient memory for the Java Runtime Environment to continue.
# Native memory allocation (mmap) failed to map 65536 bytes for Failed to commit metaspace.
# Possible reasons:
#   The system is out of physical RAM or swap space
#   The process is running with CompressedOops enabled, and the Java Heap may be blocking the growth of the native heap
# Possible solutions:
#   Reduce memory load on the system
#   Increase physical memory or swap space
#   Check if swap backing store is full
#   Decrease Java heap size (-Xmx/-Xms)
#   Decrease number of Java threads
#   Decrease Java thread stack sizes (-Xss)
#   Set larger code cache with -XX:ReservedCodeCacheSize=
#   JVM is running with Unscaled Compressed Oops mode in which the Java heap is
#     placed in the first 4GB address space. The Java Heap base address is the
#     maximum limit for the native heap growth. Please use -XX:HeapBaseMinAddress
#     to set the Java Heap base and to place the Java Heap above 4GB virtual address.
# This output file may be truncated or incomplete.
#
#  Out of Memory Error (virtualSpaceNode.cpp:110), pid=12228, tid=7156
#
# JRE version: Java(TM) SE Runtime Environment (17.0.7+8) (build 17.0.7+8-LTS-224)
# Java VM: Java HotSpot(TM) 64-Bit Server VM (17.0.7+8-LTS-224, mixed mode, tiered, compressed oops, compressed class ptrs, g1 gc, windows-amd64)
# No core dump will be written. Minidumps are not enabled by default on client versions of Windows
#

---------------  S U M M A R Y ------------

Command Line: -Dfile.encoding=UTF-8 -Dstdout.encoding=UTF-8 -Dstderr.encoding=UTF-8 --module-path=C:\Users\shakt\eclipse-workspace2\CodingPractice\bin -XX:+ShowCodeDetailsInExceptionMessages -Djdk.module.main=CodingPractice CodingPractice/com.java.theory.Inheritance

Host: AMD A8-6500B APU with Radeon(tm) HD Graphics   , 4 cores, 7G,  Windows 10 , 64 bit Build 19041 (10.0.19041.4597)
Time: Thu Jul 11 20:03:38 2024 India Standard Time elapsed time: 0.247796 seconds (0d 0h 0m 0s)

---------------  T H R E A D  ---------------

Current thread (0x000002d18c091470):  JavaThread "main" [_thread_in_vm, id=7156, stack(0x000000e64fb00000,0x000000e64fc00000)]

Stack: [0x000000e64fb00000,0x000000e64fc00000]
Native frames: (J=compiled Java code, j=interpreted, Vv=VM code, C=native code)
V  [jvm.dll+0x676a4a]
V  [jvm.dll+0x7d74f4]
V  [jvm.dll+0x7d8c9e]
V  [jvm.dll+0x7d9303]
V  [jvm.dll+0x2452c5]
V  [jvm.dll+0x7d35fb]
V  [jvm.dll+0x61ca36]
V  [jvm.dll+0x61ca9a]
V  [jvm.dll+0x61f2bd]
V  [jvm.dll+0x61d3f6]
V  [jvm.dll+0x1e77d5]
V  [jvm.dll+0x1ea570]
V  [jvm.dll+0x1dfdc1]
V  [jvm.dll+0x53cf0c]
V  [jvm.dll+0x1f06da]
V  [jvm.dll+0x75156d]
V  [jvm.dll+0x752953]
V  [jvm.dll+0x752c88]
V  [jvm.dll+0x23d78b]
V  [jvm.dll+0x23d9df]
V  [jvm.dll+0x55b008]
V  [jvm.dll+0x55ded7]
V  [jvm.dll+0x380e01]
V  [jvm.dll+0x38045f]
C  0x000002d19ae6a56c

Java frames: (J=compiled Java code, j=interpreted, Vv=VM code)
j  sun.nio.fs.WindowsFileAttributeViews$Basic.readAttributes()Lsun/nio/fs/WindowsFileAttributes;+15 java.base@17.0.7
j  sun.nio.fs.WindowsFileAttributeViews$Basic.readAttributes()Ljava/nio/file/attribute/BasicFileAttributes;+1 java.base@17.0.7
j  sun.nio.fs.WindowsFileSystemProvider.readAttributes(Ljava/nio/file/Path;Ljava/lang/Class;[Ljava/nio/file/LinkOption;)Ljava/nio/file/attribute/BasicFileAttributes;+57 java.base@17.0.7
j  java.nio.file.Files.readAttributes(Ljava/nio/file/Path;Ljava/lang/Class;[Ljava/nio/file/LinkOption;)Ljava/nio/file/attribute/BasicFileAttributes;+7 java.base@17.0.7
j  jdk.internal.module.ModulePath.scan(Ljava/nio/file/Path;)Ljava/util/Map;+7 java.base@17.0.7
j  jdk.internal.module.ModulePath.scanNextEntry()V+23 java.base@17.0.7
j  jdk.internal.module.ModulePath.find(Ljava/lang/String;)Ljava/util/Optional;+36 java.base@17.0.7
j  java.lang.module.ModuleFinder$2.lambda$find$0(Ljava/lang/String;Ljava/lang/module/ModuleFinder;)Ljava/util/Optional;+2 java.base@17.0.7
j  java.lang.module.ModuleFinder$2$$Lambda$1+0x0000000100035208.apply(Ljava/lang/Object;)Ljava/lang/Object;+8 java.base@17.0.7
j  java.util.stream.ReferencePipeline$3$1.accept(Ljava/lang/Object;)V+12 java.base@17.0.7
j  java.util.AbstractList$RandomAccessSpliterator.tryAdvance(Ljava/util/function/Consumer;)Z+43 java.base@17.0.7
j  java.util.stream.ReferencePipeline.forEachWithCancel(Ljava/util/Spliterator;Ljava/util/stream/Sink;)Z+13 java.base@17.0.7
j  java.util.stream.AbstractPipeline.copyIntoWithCancel(Ljava/util/stream/Sink;Ljava/util/Spliterator;)Z+32 java.base@17.0.7
j  java.util.stream.AbstractPipeline.copyInto(Ljava/util/stream/Sink;Ljava/util/Spliterator;)V+49 java.base@17.0.7
j  java.util.stream.AbstractPipeline.wrapAndCopyInto(Ljava/util/stream/Sink;Ljava/util/Spliterator;)Ljava/util/stream/Sink;+13 java.base@17.0.7
j  java.util.stream.FindOps$FindOp.evaluateSequential(Ljava/util/stream/PipelineHelper;Ljava/util/Spliterator;)Ljava/lang/Object;+14 java.base@17.0.7
j  java.util.stream.AbstractPipeline.evaluate(Ljava/util/stream/TerminalOp;)Ljava/lang/Object;+88 java.base@17.0.7
j  java.util.stream.ReferencePipeline.findFirst()Ljava/util/Optional;+5 java.base@17.0.7
j  java.lang.module.ModuleFinder$2.find(Ljava/lang/String;)Ljava/util/Optional;+53 java.base@17.0.7
j  java.lang.module.Resolver.findWithBeforeFinder(Ljava/lang/String;)Ljava/lang/module/ModuleReference;+5 java.base@17.0.7
j  java.lang.module.Resolver.resolve(Ljava/util/Collection;)Ljava/lang/module/Resolver;+38 java.base@17.0.7
j  java.lang.module.Configuration.resolveAndBind(Ljava/lang/module/ModuleFinder;Ljava/util/Collection;Ljava/io/PrintStream;)Ljava/lang/module/Configuration;+29 java.base@17.0.7
j  java.lang.module.ModuleDescriptor$1.resolveAndBind(Ljava/lang/module/ModuleFinder;Ljava/util/Collection;Ljava/io/PrintStream;)Ljava/lang/module/Configuration;+3 java.base@17.0.7
j  jdk.internal.module.Modules.newBootLayerConfiguration(Ljava/lang/module/ModuleFinder;Ljava/util/Collection;Ljava/io/PrintStream;)Ljava/lang/module/Configuration;+6 java.base@17.0.7
j  jdk.internal.module.ModuleBootstrap.boot2()Ljava/lang/ModuleLayer;+896 java.base@17.0.7
j  jdk.internal.module.ModuleBootstrap.boot()Ljava/lang/ModuleLayer;+64 java.base@17.0.7
j  java.lang.System.initPhase2(ZZ)I+0 java.base@17.0.7
v  ~StubRoutines::call_stub

---------------  P R O C E S S  ---------------

Threads class SMR info:
_java_thread_list=0x000002d1a9d8e7e0, length=11, elements={
0x000002d18c091470, 0x000002d1a92a1680, 0x000002d1a92a4410, 0x000002d1a92da4d0,
0x000002d1a92dad90, 0x000002d1a92db650, 0x000002d1a92dc120, 0x000002d1a9c08dd0,
0x000002d1a9c0af00, 0x000002d1a9c161f0, 0x000002d1a9d8f020
}

Java Threads: ( => current thread )
=>0x000002d18c091470 JavaThread "main" [_thread_in_vm, id=7156, stack(0x000000e64fb00000,0x000000e64fc00000)]
  0x000002d1a92a1680 JavaThread "Reference Handler" daemon [_thread_blocked, id=12216, stack(0x000000e650200000,0x000000e650300000)]
  0x000002d1a92a4410 JavaThread "Finalizer" daemon [_thread_blocked, id=10796, stack(0x000000e650300000,0x000000e650400000)]
  0x000002d1a92da4d0 JavaThread "Signal Dispatcher" daemon [_thread_blocked, id=3272, stack(0x000000e650400000,0x000000e650500000)]
  0x000002d1a92dad90 JavaThread "Attach Listener" daemon [_thread_blocked, id=2280, stack(0x000000e650500000,0x000000e650600000)]
  0x000002d1a92db650 JavaThread "Service Thread" daemon [_thread_blocked, id=11252, stack(0x000000e650600000,0x000000e650700000)]
  0x000002d1a92dc120 JavaThread "Monitor Deflation Thread" daemon [_thread_blocked, id=9988, stack(0x000000e650700000,0x000000e650800000)]
  0x000002d1a9c08dd0 JavaThread "C2 CompilerThread0" daemon [_thread_blocked, id=8900, stack(0x000000e650800000,0x000000e650900000)]
  0x000002d1a9c0af00 JavaThread "C1 CompilerThread0" daemon [_thread_blocked, id=9508, stack(0x000000e650900000,0x000000e650a00000)]
  0x000002d1a9c161f0 JavaThread "Sweeper thread" daemon [_thread_blocked, id=12000, stack(0x000000e650a00000,0x000000e650b00000)]
  0x000002d1a9d8f020 JavaThread "Common-Cleaner" daemon [_thread_blocked, id=5348, stack(0x000000e650b00000,0x000000e650c00000)]

Other Threads:
  0x000002d1a9244680 VMThread "VM Thread" [stack: 0x000000e650100000,0x000000e650200000] [id=7256]
  0x000002d18c0e73e0 GCTaskThread "GC Thread#0" [stack: 0x000000e64fc00000,0x000000e64fd00000] [id=12560]
  0x000002d18c0f86f0 ConcurrentGCThread "G1 Main Marker" [stack: 0x000000e64fd00000,0x000000e64fe00000] [id=312]
  0x000002d18c0f9010 ConcurrentGCThread "G1 Conc#0" [stack: 0x000000e64fe00000,0x000000e64ff00000] [id=7668]
  0x000002d18c1632e0 ConcurrentGCThread "G1 Refine#0" [stack: 0x000000e64ff00000,0x000000e650000000] [id=7876]
  0x000002d18c163c10 ConcurrentGCThread "G1 Service" [stack: 0x000000e650000000,0x000000e650100000] [id=9288]

Threads with active compile tasks:

VM state: not at safepoint (normal execution)

VM Mutex/Monitor currently owned by a thread:  ([mutex/lock_event])
[0x000002d18c08c240] Metaspace_lock - owner thread: 0x000002d18c091470

Heap address: 0x000000008c800000, size: 1848 MB, Compressed Oops mode: 32-bit

CDS archive(s) not mapped
Compressed class space mapped at: 0x0000000100000000-0x0000000140000000, reserved size: 1073741824
Narrow klass base: 0x0000000000000000, Narrow klass shift: 3, Narrow klass range: 0x140000000

GC Precious Log:
 CPUs: 4 total, 4 available
 Memory: 7384M
 Large Page Support: Disabled
 NUMA Support: Disabled
 Compressed Oops: Enabled (32-bit)
 Heap Region Size: 1M
 Heap Min Capacity: 8M
 Heap Initial Capacity: 116M
 Heap Max Capacity: 1848M
 Pre-touch: Disabled
 Parallel Workers: 4
 Concurrent Workers: 1
 Concurrent Refinement Workers: 4
 Periodic GC: Disabled

Heap:
 garbage-first heap   total 118784K, used 1024K [0x000000008c800000, 0x0000000100000000)
  region size 1024K, 2 young (2048K), 0 survivors (0K)
 Metaspace       used 5014K, committed 5184K, reserved 1056768K
  class space    used 405K, committed 512K, reserved 1048576K

Heap Regions: E=young(eden), S=young(survivor), O=old, HS=humongous(starts), HC=humongous(continues), CS=collection set, F=free, OA=open archive, CA=closed archive, TAMS=top-at-mark-start (previous, next)
|   0|0x000000008c800000, 0x000000008c800000, 0x000000008c900000|  0%| F|  |TAMS 0x000000008c800000, 0x000000008c800000| Untracked 
|   1|0x000000008c900000, 0x000000008c900000, 0x000000008ca00000|  0%| F|  |TAMS 0x000000008c900000, 0x000000008c900000| Untracked 
|   2|0x000000008ca00000, 0x000000008ca00000, 0x000000008cb00000|  0%| F|  |TAMS 0x000000008ca00000, 0x000000008ca00000| Untracked 
|   3|0x000000008cb00000, 0x000000008cb00000, 0x000000008cc00000|  0%| F|  |TAMS 0x000000008cb00000, 0x000000008cb00000| Untracked 
|   4|0x000000008cc00000, 0x000000008cc00000, 0x000000008cd00000|  0%| F|  |TAMS 0x000000008cc00000, 0x000000008cc00000| Untracked 
|   5|0x000000008cd00000, 0x000000008cd00000, 0x000000008ce00000|  0%| F|  |TAMS 0x000000008cd00000, 0x000000008cd00000| Untracked 
|   6|0x000000008ce00000, 0x000000008ce00000, 0x000000008cf00000|  0%| F|  |TAMS 0x000000008ce00000, 0x000000008ce00000| Untracked 
|   7|0x000000008cf00000, 0x000000008cf00000, 0x000000008d000000|  0%| F|  |TAMS 0x000000008cf00000, 0x000000008cf00000| Untracked 
|   8|0x000000008d000000, 0x000000008d000000, 0x000000008d100000|  0%| F|  |TAMS 0x000000008d000000, 0x000000008d000000| Untracked 
|   9|0x000000008d100000, 0x000000008d100000, 0x000000008d200000|  0%| F|  |TAMS 0x000000008d100000, 0x000000008d100000| Untracked 
|  10|0x000000008d200000, 0x000000008d200000, 0x000000008d300000|  0%| F|  |TAMS 0x000000008d200000, 0x000000008d200000| Untracked 
|  11|0x000000008d300000, 0x000000008d300000, 0x000000008d400000|  0%| F|  |TAMS 0x000000008d300000, 0x000000008d300000| Untracked 
|  12|0x000000008d400000, 0x000000008d400000, 0x000000008d500000|  0%| F|  |TAMS 0x000000008d400000, 0x000000008d400000| Untracked 
|  13|0x000000008d500000, 0x000000008d500000, 0x000000008d600000|  0%| F|  |TAMS 0x000000008d500000, 0x000000008d500000| Untracked 
|  14|0x000000008d600000, 0x000000008d600000, 0x000000008d700000|  0%| F|  |TAMS 0x000000008d600000, 0x000000008d600000| Untracked 
|  15|0x000000008d700000, 0x000000008d700000, 0x000000008d800000|  0%| F|  |TAMS 0x000000008d700000, 0x000000008d700000| Untracked 
|  16|0x000000008d800000, 0x000000008d800000, 0x000000008d900000|  0%| F|  |TAMS 0x000000008d800000, 0x000000008d800000| Untracked 
|  17|0x000000008d900000, 0x000000008d900000, 0x000000008da00000|  0%| F|  |TAMS 0x000000008d900000, 0x000000008d900000| Untracked 
|  18|0x000000008da00000, 0x000000008da00000, 0x000000008db00000|  0%| F|  |TAMS 0x000000008da00000, 0x000000008da00000| Untracked 
|  19|0x000000008db00000, 0x000000008db00000, 0x000000008dc00000|  0%| F|  |TAMS 0x000000008db00000, 0x000000008db00000| Untracked 
|  20|0x000000008dc00000, 0x000000008dc00000, 0x000000008dd00000|  0%| F|  |TAMS 0x000000008dc00000, 0x000000008dc00000| Untracked 
|  21|0x000000008dd00000, 0x000000008dd00000, 0x000000008de00000|  0%| F|  |TAMS 0x000000008dd00000, 0x000000008dd00000| Untracked 
|  22|0x000000008de00000, 0x000000008de00000, 0x000000008df00000|  0%| F|  |TAMS 0x000000008de00000, 0x000000008de00000| Untracked 
|  23|0x000000008df00000, 0x000000008df00000, 0x000000008e000000|  0%| F|  |TAMS 0x000000008df00000, 0x000000008df00000| Untracked 
|  24|0x000000008e000000, 0x000000008e000000, 0x000000008e100000|  0%| F|  |TAMS 0x000000008e000000, 0x000000008e000000| Untracked 
|  25|0x000000008e100000, 0x000000008e100000, 0x000000008e200000|  0%| F|  |TAMS 0x000000008e100000, 0x000000008e100000| Untracked 
|  26|0x000000008e200000, 0x000000008e200000, 0x000000008e300000|  0%| F|  |TAMS 0x000000008e200000, 0x000000008e200000| Untracked 
|  27|0x000000008e300000, 0x000000008e300000, 0x000000008e400000|  0%| F|  |TAMS 0x000000008e300000, 0x000000008e300000| Untracked 
|  28|0x000000008e400000, 0x000000008e400000, 0x000000008e500000|  0%| F|  |TAMS 0x000000008e400000, 0x000000008e400000| Untracked 
|  29|0x000000008e500000, 0x000000008e500000, 0x000000008e600000|  0%| F|  |TAMS 0x000000008e500000, 0x000000008e500000| Untracked 
|  30|0x000000008e600000, 0x000000008e600000, 0x000000008e700000|  0%| F|  |TAMS 0x000000008e600000, 0x000000008e600000| Untracked 
|  31|0x000000008e700000, 0x000000008e700000, 0x000000008e800000|  0%| F|  |TAMS 0x000000008e700000, 0x000000008e700000| Untracked 
|  32|0x000000008e800000, 0x000000008e800000, 0x000000008e900000|  0%| F|  |TAMS 0x000000008e800000, 0x000000008e800000| Untracked 
|  33|0x000000008e900000, 0x000000008e900000, 0x000000008ea00000|  0%| F|  |TAMS 0x000000008e900000, 0x000000008e900000| Untracked 
|  34|0x000000008ea00000, 0x000000008ea00000, 0x000000008eb00000|  0%| F|  |TAMS 0x000000008ea00000, 0x000000008ea00000| Untracked 
|  35|0x000000008eb00000, 0x000000008eb00000, 0x000000008ec00000|  0%| F|  |TAMS 0x000000008eb00000, 0x000000008eb00000| Untracked 
|  36|0x000000008ec00000, 0x000000008ec00000, 0x000000008ed00000|  0%| F|  |TAMS 0x000000008ec00000, 0x000000008ec00000| Untracked 
|  37|0x000000008ed00000, 0x000000008ed00000, 0x000000008ee00000|  0%| F|  |TAMS 0x000000008ed00000, 0x000000008ed00000| Untracked 
|  38|0x000000008ee00000, 0x000000008ee00000, 0x000000008ef00000|  0%| F|  |TAMS 0x000000008ee00000, 0x000000008ee00000| Untracked 
|  39|0x000000008ef00000, 0x000000008ef00000, 0x000000008f000000|  0%| F|  |TAMS 0x000000008ef00000, 0x000000008ef00000| Untracked 
|  40|0x000000008f000000, 0x000000008f000000, 0x000000008f100000|  0%| F|  |TAMS 0x000000008f000000, 0x000000008f000000| Untracked 
|  41|0x000000008f100000, 0x000000008f100000, 0x000000008f200000|  0%| F|  |TAMS 0x000000008f100000, 0x000000008f100000| Untracked 
|  42|0x000000008f200000, 0x000000008f200000, 0x000000008f300000|  0%| F|  |TAMS 0x000000008f200000, 0x000000008f200000| Untracked 
|  43|0x000000008f300000, 0x000000008f300000, 0x000000008f400000|  0%| F|  |TAMS 0x000000008f300000, 0x000000008f300000| Untracked 
|  44|0x000000008f400000, 0x000000008f400000, 0x000000008f500000|  0%| F|  |TAMS 0x000000008f400000, 0x000000008f400000| Untracked 
|  45|0x000000008f500000, 0x000000008f500000, 0x000000008f600000|  0%| F|  |TAMS 0x000000008f500000, 0x000000008f500000| Untracked 
|  46|0x000000008f600000, 0x000000008f600000, 0x000000008f700000|  0%| F|  |TAMS 0x000000008f600000, 0x000000008f600000| Untracked 
|  47|0x000000008f700000, 0x000000008f700000, 0x000000008f800000|  0%| F|  |TAMS 0x000000008f700000, 0x000000008f700000| Untracked 
|  48|0x000000008f800000, 0x000000008f800000, 0x000000008f900000|  0%| F|  |TAMS 0x000000008f800000, 0x000000008f800000| Untracked 
|  49|0x000000008f900000, 0x000000008f900000, 0x000000008fa00000|  0%| F|  |TAMS 0x000000008f900000, 0x000000008f900000| Untracked 
|  50|0x000000008fa00000, 0x000000008fa00000, 0x000000008fb00000|  0%| F|  |TAMS 0x000000008fa00000, 0x000000008fa00000| Untracked 
|  51|0x000000008fb00000, 0x000000008fb00000, 0x000000008fc00000|  0%| F|  |TAMS 0x000000008fb00000, 0x000000008fb00000| Untracked 
|  52|0x000000008fc00000, 0x000000008fc00000, 0x000000008fd00000|  0%| F|  |TAMS 0x000000008fc00000, 0x000000008fc00000| Untracked 
|  53|0x000000008fd00000, 0x000000008fd00000, 0x000000008fe00000|  0%| F|  |TAMS 0x000000008fd00000, 0x000000008fd00000| Untracked 
|  54|0x000000008fe00000, 0x000000008fe00000, 0x000000008ff00000|  0%| F|  |TAMS 0x000000008fe00000, 0x000000008fe00000| Untracked 
|  55|0x000000008ff00000, 0x000000008ff00000, 0x0000000090000000|  0%| F|  |TAMS 0x000000008ff00000, 0x000000008ff00000| Untracked 
|  56|0x0000000090000000, 0x0000000090000000, 0x0000000090100000|  0%| F|  |TAMS 0x0000000090000000, 0x0000000090000000| Untracked 
|  57|0x0000000090100000, 0x0000000090100000, 0x0000000090200000|  0%| F|  |TAMS 0x0000000090100000, 0x0000000090100000| Untracked 
|  58|0x0000000090200000, 0x0000000090200000, 0x0000000090300000|  0%| F|  |TAMS 0x0000000090200000, 0x0000000090200000| Untracked 
|  59|0x0000000090300000, 0x0000000090300000, 0x0000000090400000|  0%| F|  |TAMS 0x0000000090300000, 0x0000000090300000| Untracked 
|  60|0x0000000090400000, 0x0000000090400000, 0x0000000090500000|  0%| F|  |TAMS 0x0000000090400000, 0x0000000090400000| Untracked 
|  61|0x0000000090500000, 0x0000000090500000, 0x0000000090600000|  0%| F|  |TAMS 0x0000000090500000, 0x0000000090500000| Untracked 
|  62|0x0000000090600000, 0x0000000090600000, 0x0000000090700000|  0%| F|  |TAMS 0x0000000090600000, 0x0000000090600000| Untracked 
|  63|0x0000000090700000, 0x0000000090700000, 0x0000000090800000|  0%| F|  |TAMS 0x0000000090700000, 0x0000000090700000| Untracked 
|  64|0x0000000090800000, 0x0000000090800000, 0x0000000090900000|  0%| F|  |TAMS 0x0000000090800000, 0x0000000090800000| Untracked 
|  65|0x0000000090900000, 0x0000000090900000, 0x0000000090a00000|  0%| F|  |TAMS 0x0000000090900000, 0x0000000090900000| Untracked 
|  66|0x0000000090a00000, 0x0000000090a00000, 0x0000000090b00000|  0%| F|  |TAMS 0x0000000090a00000, 0x0000000090a00000| Untracked 
|  67|0x0000000090b00000, 0x0000000090b00000, 0x0000000090c00000|  0%| F|  |TAMS 0x0000000090b00000, 0x0000000090b00000| Untracked 
|  68|0x0000000090c00000, 0x0000000090c00000, 0x0000000090d00000|  0%| F|  |TAMS 0x0000000090c00000, 0x0000000090c00000| Untracked 
|  69|0x0000000090d00000, 0x0000000090d00000, 0x0000000090e00000|  0%| F|  |TAMS 0x0000000090d00000, 0x0000000090d00000| Untracked 
|  70|0x0000000090e00000, 0x0000000090e00000, 0x0000000090f00000|  0%| F|  |TAMS 0x0000000090e00000, 0x0000000090e00000| Untracked 
|  71|0x0000000090f00000, 0x0000000090f00000, 0x0000000091000000|  0%| F|  |TAMS 0x0000000090f00000, 0x0000000090f00000| Untracked 
|  72|0x0000000091000000, 0x0000000091000000, 0x0000000091100000|  0%| F|  |TAMS 0x0000000091000000, 0x0000000091000000| Untracked 
|  73|0x0000000091100000, 0x0000000091100000, 0x0000000091200000|  0%| F|  |TAMS 0x0000000091100000, 0x0000000091100000| Untracked 
|  74|0x0000000091200000, 0x0000000091200000, 0x0000000091300000|  0%| F|  |TAMS 0x0000000091200000, 0x0000000091200000| Untracked 
|  75|0x0000000091300000, 0x0000000091300000, 0x0000000091400000|  0%| F|  |TAMS 0x0000000091300000, 0x0000000091300000| Untracked 
|  76|0x0000000091400000, 0x0000000091400000, 0x0000000091500000|  0%| F|  |TAMS 0x0000000091400000, 0x0000000091400000| Untracked 
|  77|0x0000000091500000, 0x0000000091500000, 0x0000000091600000|  0%| F|  |TAMS 0x0000000091500000, 0x0000000091500000| Untracked 
|  78|0x0000000091600000, 0x0000000091600000, 0x0000000091700000|  0%| F|  |TAMS 0x0000000091600000, 0x0000000091600000| Untracked 
|  79|0x0000000091700000, 0x0000000091700000, 0x0000000091800000|  0%| F|  |TAMS 0x0000000091700000, 0x0000000091700000| Untracked 
|  80|0x0000000091800000, 0x0000000091800000, 0x0000000091900000|  0%| F|  |TAMS 0x0000000091800000, 0x0000000091800000| Untracked 
|  81|0x0000000091900000, 0x0000000091900000, 0x0000000091a00000|  0%| F|  |TAMS 0x0000000091900000, 0x0000000091900000| Untracked 
|  82|0x0000000091a00000, 0x0000000091a00000, 0x0000000091b00000|  0%| F|  |TAMS 0x0000000091a00000, 0x0000000091a00000| Untracked 
|  83|0x0000000091b00000, 0x0000000091b00000, 0x0000000091c00000|  0%| F|  |TAMS 0x0000000091b00000, 0x0000000091b00000| Untracked 
|  84|0x0000000091c00000, 0x0000000091c00000, 0x0000000091d00000|  0%| F|  |TAMS 0x0000000091c00000, 0x0000000091c00000| Untracked 
|  85|0x0000000091d00000, 0x0000000091d00000, 0x0000000091e00000|  0%| F|  |TAMS 0x0000000091d00000, 0x0000000091d00000| Untracked 
|  86|0x0000000091e00000, 0x0000000091e00000, 0x0000000091f00000|  0%| F|  |TAMS 0x0000000091e00000, 0x0000000091e00000| Untracked 
|  87|0x0000000091f00000, 0x0000000091f00000, 0x0000000092000000|  0%| F|  |TAMS 0x0000000091f00000, 0x0000000091f00000| Untracked 
|  88|0x0000000092000000, 0x0000000092000000, 0x0000000092100000|  0%| F|  |TAMS 0x0000000092000000, 0x0000000092000000| Untracked 
|  89|0x0000000092100000, 0x0000000092100000, 0x0000000092200000|  0%| F|  |TAMS 0x0000000092100000, 0x0000000092100000| Untracked 
|  90|0x0000000092200000, 0x0000000092200000, 0x0000000092300000|  0%| F|  |TAMS 0x0000000092200000, 0x0000000092200000| Untracked 
|  91|0x0000000092300000, 0x0000000092300000, 0x0000000092400000|  0%| F|  |TAMS 0x0000000092300000, 0x0000000092300000| Untracked 
|  92|0x0000000092400000, 0x0000000092400000, 0x0000000092500000|  0%| F|  |TAMS 0x0000000092400000, 0x0000000092400000| Untracked 
|  93|0x0000000092500000, 0x0000000092500000, 0x0000000092600000|  0%| F|  |TAMS 0x0000000092500000, 0x0000000092500000| Untracked 
|  94|0x0000000092600000, 0x0000000092600000, 0x0000000092700000|  0%| F|  |TAMS 0x0000000092600000, 0x0000000092600000| Untracked 
|  95|0x0000000092700000, 0x0000000092700000, 0x0000000092800000|  0%| F|  |TAMS 0x0000000092700000, 0x0000000092700000| Untracked 
|  96|0x0000000092800000, 0x0000000092800000, 0x0000000092900000|  0%| F|  |TAMS 0x0000000092800000, 0x0000000092800000| Untracked 
|  97|0x0000000092900000, 0x0000000092900000, 0x0000000092a00000|  0%| F|  |TAMS 0x0000000092900000, 0x0000000092900000| Untracked 
|  98|0x0000000092a00000, 0x0000000092a00000, 0x0000000092b00000|  0%| F|  |TAMS 0x0000000092a00000, 0x0000000092a00000| Untracked 
|  99|0x0000000092b00000, 0x0000000092b00000, 0x0000000092c00000|  0%| F|  |TAMS 0x0000000092b00000, 0x0000000092b00000| Untracked 
| 100|0x0000000092c00000, 0x0000000092c00000, 0x0000000092d00000|  0%| F|  |TAMS 0x0000000092c00000, 0x0000000092c00000| Untracked 
| 101|0x0000000092d00000, 0x0000000092d00000, 0x0000000092e00000|  0%| F|  |TAMS 0x0000000092d00000, 0x0000000092d00000| Untracked 
| 102|0x0000000092e00000, 0x0000000092e00000, 0x0000000092f00000|  0%| F|  |TAMS 0x0000000092e00000, 0x0000000092e00000| Untracked 
| 103|0x0000000092f00000, 0x0000000092f00000, 0x0000000093000000|  0%| F|  |TAMS 0x0000000092f00000, 0x0000000092f00000| Untracked 
| 104|0x0000000093000000, 0x0000000093000000, 0x0000000093100000|  0%| F|  |TAMS 0x0000000093000000, 0x0000000093000000| Untracked 
| 105|0x0000000093100000, 0x0000000093100000, 0x0000000093200000|  0%| F|  |TAMS 0x0000000093100000, 0x0000000093100000| Untracked 
| 106|0x0000000093200000, 0x0000000093200000, 0x0000000093300000|  0%| F|  |TAMS 0x0000000093200000, 0x0000000093200000| Untracked 
| 107|0x0000000093300000, 0x0000000093300000, 0x0000000093400000|  0%| F|  |TAMS 0x0000000093300000, 0x0000000093300000| Untracked 
| 108|0x0000000093400000, 0x0000000093400000, 0x0000000093500000|  0%| F|  |TAMS 0x0000000093400000, 0x0000000093400000| Untracked 
| 109|0x0000000093500000, 0x0000000093500000, 0x0000000093600000|  0%| F|  |TAMS 0x0000000093500000, 0x0000000093500000| Untracked 
| 110|0x0000000093600000, 0x0000000093600000, 0x0000000093700000|  0%| F|  |TAMS 0x0000000093600000, 0x0000000093600000| Untracked 
| 111|0x0000000093700000, 0x0000000093700000, 0x0000000093800000|  0%| F|  |TAMS 0x0000000093700000, 0x0000000093700000| Untracked 
| 112|0x0000000093800000, 0x0000000093800000, 0x0000000093900000|  0%| F|  |TAMS 0x0000000093800000, 0x0000000093800000| Untracked 
| 113|0x0000000093900000, 0x0000000093900000, 0x0000000093a00000|  0%| F|  |TAMS 0x0000000093900000, 0x0000000093900000| Untracked 
| 114|0x0000000093a00000, 0x0000000093a43110, 0x0000000093b00000| 26%| E|  |TAMS 0x0000000093a00000, 0x0000000093a00000| Complete 
| 115|0x0000000093b00000, 0x0000000093c00000, 0x0000000093c00000|100%| E|CS|TAMS 0x0000000093b00000, 0x0000000093b00000| Complete 

Card table byte_map: [0x000002d1a2cc0000,0x000002d1a3060000] _byte_map_base: 0x000002d1a285c000

Marking Bits (Prev, Next): (CMBitMap*) 0x000002d18c0e8910, (CMBitMap*) 0x000002d18c0e8950
 Prev Bits: [0x000002d1a3400000, 0x000002d1a50e0000)
 Next Bits: [0x000002d1a50e0000, 0x000002d1a6dc0000)

Polling page: 0x000002d18a210000

Metaspace:

Usage:
  Non-class:      4.50 MB used.
      Class:    405.83 KB used.
       Both:      4.90 MB used.

Virtual space:
  Non-class space:        8.00 MB reserved,       4.56 MB ( 57%) committed,  1 nodes.
      Class space:        1.00 GB reserved,     512.00 KB ( <1%) committed,  1 nodes.
             Both:        1.01 GB reserved,       5.06 MB ( <1%) committed. 

Chunk freelists:
   Non-Class:  3.00 MB
       Class:  3.56 MB
        Both:  6.56 MB

MaxMetaspaceSize: unlimited
CompressedClassSpaceSize: 1.00 GB
Initial GC threshold: 21.00 MB
Current GC threshold: 21.00 MB
CDS: off
MetaspaceReclaimPolicy: balanced
 - commit_granule_bytes: 65536.
 - commit_granule_words: 8192.
 - virtual_space_node_default_size: 1048576.
 - enlarge_chunks_in_place: 1.
 - new_chunks_are_fully_committed: 0.
 - uncommit_free_chunks: 1.
 - use_allocation_guard: 0.
 - handle_deallocations: 1.


Internal statistics:

num_allocs_failed_limit: 0.
num_arena_births: 4.
num_arena_deaths: 0.
num_vsnodes_births: 2.
num_vsnodes_deaths: 0.
num_space_committed: 81.
num_space_uncommitted: 0.
num_chunks_returned_to_freelist: 0.
num_chunks_taken_from_freelist: 8.
num_chunk_merges: 0.
num_chunk_splits: 3.
num_chunks_enlarged: 1.
num_purges: 0.
num_inconsistent_stats: 0.

CodeHeap 'non-profiled nmethods': size=120000Kb used=19Kb max_used=19Kb free=119980Kb
 bounds [0x000002d19b3f0000, 0x000002d19b660000, 0x000002d1a2920000]
CodeHeap 'profiled nmethods': size=120000Kb used=61Kb max_used=61Kb free=119938Kb
 bounds [0x000002d193920000, 0x000002d193b90000, 0x000002d19ae50000]
CodeHeap 'non-nmethods': size=5760Kb used=1073Kb max_used=1073Kb free=4687Kb
 bounds [0x000002d19ae50000, 0x000002d19b0c0000, 0x000002d19b3f0000]
 total_blobs=402 nmethods=63 adapters=253
 compilation: enabled
              stopped_count=0, restarted_count=0
 full_count=0

Compilation events (20 events):
Event: 0.218 Thread 0x000002d1a9c0af00   50       1       java.lang.invoke.MethodType::returnType (5 bytes)
Event: 0.218 Thread 0x000002d1a9c0af00 nmethod 50 0x000002d19b3f3b90 code [0x000002d19b3f3d20, 0x000002d19b3f3df8]
Event: 0.223 Thread 0x000002d1a9c0af00   52       3       java.lang.StringLatin1::indexOfChar (33 bytes)
Event: 0.223 Thread 0x000002d1a9c0af00 nmethod 52 0x000002d19392c390 code [0x000002d19392c540, 0x000002d19392c778]
Event: 0.225 Thread 0x000002d1a9c0af00   54       3       java.lang.invoke.MemberName::testFlags (16 bytes)
Event: 0.225 Thread 0x000002d1a9c0af00 nmethod 54 0x000002d19392c890 code [0x000002d19392ca20, 0x000002d19392cb98]
Event: 0.226 Thread 0x000002d1a9c0af00   55       3       java.lang.invoke.MethodTypeForm::canonicalize (74 bytes)
Event: 0.226 Thread 0x000002d1a9c0af00 nmethod 55 0x000002d19392cc10 code [0x000002d19392ce40, 0x000002d19392d538]
Event: 0.226 Thread 0x000002d1a9c0af00   57   !   3       java.lang.ref.ReferenceQueue::poll (28 bytes)
Event: 0.227 Thread 0x000002d1a9c0af00 nmethod 57 0x000002d19392d790 code [0x000002d19392d940, 0x000002d19392dbc8]
Event: 0.227 Thread 0x000002d1a9c0af00   59       3       java.lang.invoke.MethodType::hashCode (53 bytes)
Event: 0.227 Thread 0x000002d1a9c0af00 nmethod 59 0x000002d19392dd10 code [0x000002d19392dec0, 0x000002d19392e238]
Event: 0.227 Thread 0x000002d1a9c0af00   60       3       java.lang.String::<init> (15 bytes)
Event: 0.227 Thread 0x000002d1a9c0af00 nmethod 60 0x000002d19392e410 code [0x000002d19392e5a0, 0x000002d19392e758]
Event: 0.227 Thread 0x000002d1a9c0af00   61       3       java.lang.invoke.MethodType$ConcurrentWeakInternSet::expungeStaleElements (27 bytes)
Event: 0.228 Thread 0x000002d1a9c0af00 nmethod 61 0x000002d19392e810 code [0x000002d19392ea00, 0x000002d19392eef8]
Event: 0.228 Thread 0x000002d1a9c0af00   63       3       java.lang.Math::min (11 bytes)
Event: 0.228 Thread 0x000002d1a9c0af00 nmethod 63 0x000002d19392f110 code [0x000002d19392f2a0, 0x000002d19392f3d8]
Event: 0.228 Thread 0x000002d1a9c0af00   62       1       java.lang.invoke.MemberName::getDeclaringClass (5 bytes)
Event: 0.228 Thread 0x000002d1a9c0af00 nmethod 62 0x000002d19b3f4a90 code [0x000002d19b3f4c20, 0x000002d19b3f4cf8]

GC Heap History (0 events):
No events

Deoptimization events (0 events):
No events

Classes unloaded (0 events):
No events

Classes redefined (0 events):
No events

Internal exceptions (0 events):
No events

VM Operations (0 events):
No events

Events (20 events):
Event: 0.232 loading class sun/nio/cs/UTF_16LE done
Event: 0.232 loading class sun/nio/cs/UTF_16
Event: 0.232 loading class sun/nio/cs/UTF_16 done
Event: 0.232 loading class sun/nio/cs/StandardCharsets$Classes
Event: 0.232 loading class sun/nio/cs/StandardCharsets$Classes done
Event: 0.232 loading class sun/nio/cs/MS1252
Event: 0.232 loading class sun/nio/cs/MS1252 done
Event: 0.232 loading class java/lang/Class$1
Event: 0.232 loading class java/lang/Class$1 done
Event: 0.233 loading class sun/nio/fs/WindowsFileAttributeViews
Event: 0.233 loading class sun/nio/fs/WindowsFileAttributeViews done
Event: 0.233 loading class sun/nio/fs/WindowsFileAttributeViews$Basic
Event: 0.233 loading class sun/nio/fs/AbstractBasicFileAttributeView
Event: 0.233 loading class sun/nio/fs/DynamicFileAttributeView
Event: 0.233 loading class sun/nio/fs/DynamicFileAttributeView done
Event: 0.233 loading class sun/nio/fs/AbstractBasicFileAttributeView done
Event: 0.233 loading class sun/nio/fs/WindowsFileAttributeViews$Basic done
Event: 0.233 loading class sun/nio/fs/WindowsFileAttributes
Event: 0.233 loading class java/nio/file/attribute/DosFileAttributes
Event: 0.233 loading class java/nio/file/attribute/DosFileAttributes done


Dynamic libraries:
0x00007ff7f34e0000 - 0x00007ff7f34f0000 	C:\Program Files\Java\jdk-17\bin\javaw.exe
0x00007ffff0f90000 - 0x00007ffff1188000 	C:\WINDOWS\SYSTEM32\ntdll.dll
0x00007ffff0b10000 - 0x00007ffff0bd1000 	C:\WINDOWS\System32\KERNEL32.DLL
0x00007fffee980000 - 0x00007fffeec76000 	C:\WINDOWS\System32\KERNELBASE.dll
0x00007fffeecf0000 - 0x00007fffeedf0000 	C:\WINDOWS\System32\ucrtbase.dll
0x00007fffe7350000 - 0x00007fffe736b000 	C:\Program Files\Java\jdk-17\bin\VCRUNTIME140.dll
0x00007fffe6b90000 - 0x00007fffe6ba9000 	C:\Program Files\Java\jdk-17\bin\jli.dll
0x00007fffefd70000 - 0x00007fffefe20000 	C:\WINDOWS\System32\ADVAPI32.dll
0x00007fffefe20000 - 0x00007fffefebe000 	C:\WINDOWS\System32\msvcrt.dll
0x00007ffff0eb0000 - 0x00007ffff0f50000 	C:\WINDOWS\System32\sechost.dll
0x00007ffff0900000 - 0x00007ffff0a23000 	C:\WINDOWS\System32\RPCRT4.dll
0x00007fffeef90000 - 0x00007fffeefb7000 	C:\WINDOWS\System32\bcrypt.dll
0x00007fffef760000 - 0x00007fffef8ff000 	C:\WINDOWS\System32\USER32.dll
0x00007fffeef60000 - 0x00007fffeef82000 	C:\WINDOWS\System32\win32u.dll
0x00007ffff0c40000 - 0x00007ffff0c6b000 	C:\WINDOWS\System32\GDI32.dll
0x00007fffeedf0000 - 0x00007fffeef07000 	C:\WINDOWS\System32\gdi32full.dll
0x00007fffee6f0000 - 0x00007fffee78d000 	C:\WINDOWS\System32\msvcp_win.dll
0x00007fffe2890000 - 0x00007fffe2b2a000 	C:\WINDOWS\WinSxS\amd64_microsoft.windows.common-controls_6595b64144ccf1df_6.0.19041.4355_none_60b8b9eb71f62e16\COMCTL32.dll
0x00007fffe6050000 - 0x00007fffe605a000 	C:\WINDOWS\SYSTEM32\VERSION.dll
0x00007fffeff50000 - 0x00007fffeff7f000 	C:\WINDOWS\System32\IMM32.DLL
0x00007fffebcd0000 - 0x00007fffebcdc000 	C:\Program Files\Java\jdk-17\bin\vcruntime140_1.dll
0x00007fffd5f90000 - 0x00007fffd601e000 	C:\Program Files\Java\jdk-17\bin\msvcp140.dll
0x00007fffa93b0000 - 0x00007fffa9f8d000 	C:\Program Files\Java\jdk-17\bin\server\jvm.dll
0x00007ffff0cd0000 - 0x00007ffff0cd8000 	C:\WINDOWS\System32\PSAPI.DLL
0x00007fffd9820000 - 0x00007fffd9829000 	C:\WINDOWS\SYSTEM32\WSOCK32.dll
0x00007fffefee0000 - 0x00007fffeff4b000 	C:\WINDOWS\System32\WS2_32.dll
0x00007fffe4270000 - 0x00007fffe4297000 	C:\WINDOWS\SYSTEM32\WINMM.dll
0x00007fffec4e0000 - 0x00007fffec4f2000 	C:\WINDOWS\SYSTEM32\kernel.appcore.dll
0x00007fffebce0000 - 0x00007fffebcea000 	C:\Program Files\Java\jdk-17\bin\jimage.dll
0x00007fffe8250000 - 0x00007fffe8434000 	C:\WINDOWS\SYSTEM32\DBGHELP.DLL
0x00007fffe7fe0000 - 0x00007fffe8014000 	C:\WINDOWS\SYSTEM32\dbgcore.DLL
0x00007fffee8f0000 - 0x00007fffee972000 	C:\WINDOWS\System32\bcryptPrimitives.dll
0x00007fffd6c30000 - 0x00007fffd6c55000 	C:\Program Files\Java\jdk-17\bin\java.dll
0x00007fffd6920000 - 0x00007fffd69f7000 	C:\Program Files\Java\jdk-17\bin\jsvml.dll
0x00007fffeff80000 - 0x00007ffff06ec000 	C:\WINDOWS\System32\SHELL32.dll
0x00007fffec6e0000 - 0x00007fffece7e000 	C:\WINDOWS\SYSTEM32\windows.storage.dll
0x00007fffef900000 - 0x00007fffefc53000 	C:\WINDOWS\System32\combase.dll
0x00007fffedf90000 - 0x00007fffedfbe000 	C:\WINDOWS\SYSTEM32\Wldp.dll
0x00007ffff0a40000 - 0x00007ffff0b0d000 	C:\WINDOWS\System32\OLEAUT32.dll
0x00007fffef650000 - 0x00007fffef6fd000 	C:\WINDOWS\System32\SHCORE.dll
0x00007fffef700000 - 0x00007fffef755000 	C:\WINDOWS\System32\shlwapi.dll
0x00007fffee570000 - 0x00007fffee594000 	C:\WINDOWS\SYSTEM32\profapi.dll

dbghelp: loaded successfully - version: 4.0.5 - missing functions: none
symbol engine: initialized successfully - sym options: 0x614 - pdb path: .;C:\Program Files\Java\jdk-17\bin;C:\WINDOWS\SYSTEM32;C:\WINDOWS\WinSxS\amd64_microsoft.windows.common-controls_6595b64144ccf1df_6.0.19041.4355_none_60b8b9eb71f62e16;C:\Program Files\Java\jdk-17\bin\server

VM Arguments:
jvm_args: -Dfile.encoding=UTF-8 -Dstdout.encoding=UTF-8 -Dstderr.encoding=UTF-8 --module-path=C:\Users\shakt\eclipse-workspace2\CodingPractice\bin -XX:+ShowCodeDetailsInExceptionMessages -Djdk.module.main=CodingPractice 
java_command: CodingPractice/com.java.theory.Inheritance
java_class_path (initial): <not set>
Launcher Type: SUN_STANDARD

[Global flags]
     intx CICompilerCount                          = 3                                         {product} {ergonomic}
     uint ConcGCThreads                            = 1                                         {product} {ergonomic}
     uint G1ConcRefinementThreads                  = 4                                         {product} {ergonomic}
   size_t G1HeapRegionSize                         = 1048576                                   {product} {ergonomic}
    uintx GCDrainStackTargetSize                   = 64                                        {product} {ergonomic}
   size_t InitialHeapSize                          = 121634816                                 {product} {ergonomic}
   size_t MarkStackSize                            = 4194304                                   {product} {ergonomic}
   size_t MaxHeapSize                              = 1937768448                                {product} {ergonomic}
   size_t MaxNewSize                               = 1161822208                                {product} {ergonomic}
   size_t MinHeapDeltaBytes                        = 1048576                                   {product} {ergonomic}
   size_t MinHeapSize                              = 8388608                                   {product} {ergonomic}
    uintx NonNMethodCodeHeapSize                   = 5832780                                {pd product} {ergonomic}
    uintx NonProfiledCodeHeapSize                  = 122912730                              {pd product} {ergonomic}
    uintx ProfiledCodeHeapSize                     = 122912730                              {pd product} {ergonomic}
    uintx ReservedCodeCacheSize                    = 251658240                              {pd product} {ergonomic}
     bool SegmentedCodeCache                       = true                                      {product} {ergonomic}
     bool ShowCodeDetailsInExceptionMessages       = true                                   {manageable} {command line}
   size_t SoftMaxHeapSize                          = 1937768448                             {manageable} {ergonomic}
     bool UseCompressedClassPointers               = true                           {product lp64_product} {ergonomic}
     bool UseCompressedOops                        = true                           {product lp64_product} {ergonomic}
     bool UseG1GC                                  = true                                      {product} {ergonomic}
     bool UseLargePagesIndividualAllocation        = false                                  {pd product} {ergonomic}

Logging:
Log output configuration:
 #0: stdout all=warning uptime,level,tags
 #1: stderr all=off uptime,level,tags

Environment Variables:
JAVA_HOME=C:\Program Files\Java\jdk-17\bin
PATH=C:/Program Files/Java/jdk-17/bin/server;C:/Program Files/Java/jdk-17/bin;C:\Program Files\Java\jdk-17\bin;C:\WINDOWS\system32;C:\WINDOWS;C:\WINDOWS\System32\Wbem;C:\WINDOWS\System32\WindowsPowerShell\v1.0\;C:\WINDOWS\System32\OpenSSH\;C:\Program Files (x86)\ATI Technologies\ATI.ACE\Core-Static;C:\Program Files\nodejs\;C:\Users\shakt\AppData\Local\Microsoft\WindowsApps;C:\Users\shakt\AppData\Local\Programs\Microsoft VS Code\bin;C:\Users\shakt\AppData\Roaming\npm;C:\Program Files\Java\jdk-17\bin;;C:\Users\shakt\eclipse\java-2023-09\eclipse;
USERNAME=shakt
OS=Windows_NT
PROCESSOR_IDENTIFIER=AMD64 Family 21 Model 19 Stepping 1, AuthenticAMD



---------------  S Y S T E M  ---------------

OS:
 Windows 10 , 64 bit Build 19041 (10.0.19041.4597)
OS uptime: 0 days 23:49 hours

CPU: total 4 (initial active 4) (4 cores per cpu, 1 threads per core) family 21 model 19 stepping 1 microcode 0x0, cx8, cmov, fxsr, mmx, 3dnowpref, sse, sse2, sse3, ssse3, sse4a, sse4.1, sse4.2, popcnt, lzcnt, tsc, tscinvbit, avx, aes, clmul, bmi1, fma, vzeroupper, clflush

Memory: 4k page, system-wide physical 7384M (1112M free)
TotalPageFile size 7384M (AvailPageFile size 3M)
current process WorkingSet (physical memory assigned to process): 27M, peak: 27M
current process commit charge ("private bytes"): 182M, peak: 184M

vm_info: Java HotSpot(TM) 64-Bit Server VM (17.0.7+8-LTS-224) for windows-amd64 JRE (17.0.7+8-LTS-224), built on Feb 28 2023 23:03:02 by "mach5one" with MS VC++ 17.1 (VS2022)

END.
